<?xml version="1.0" encoding="UTF-8" ?>
<testsuite tests="8" failures="0" name="test.TestEmp" time="0.629" errors="1" skipped="0">
  <properties>
[...]
</properties>
  <testcase classname="test.TestEmp" name="testFindEmpByMul" time="0.449"/>
  <testcase classname="test.TestEmp" name="testFindEmpBySal" time="0.028"/>
  <testcase classname="test.TestEmp" name="testAddOne1" time="0.034"/>
  <testcase classname="test.TestEmp" name="testAddOne2" time="0.021">
    <error message="Invalid bound statement (not found): com.highcom.mapper.EmpMapper.addEmp2" type="org.apache.ibatis.binding.BindingException">org.apache.ibatis.binding.BindingException: Invalid bound statement (not found): com.highcom.mapper.EmpMapper.addEmp2
	at org.apache.ibatis.binding.MapperMethod$SqlCommand.&lt;init&gt;(MapperMethod.java:235)
	at org.apache.ibatis.binding.MapperMethod.&lt;init&gt;(MapperMethod.java:53)
	at org.apache.ibatis.binding.MapperProxy.lambda$cachedInvoker$0(MapperProxy.java:108)
	at java.base/java.util.concurrent.ConcurrentHashMap.computeIfAbsent(ConcurrentHashMap.java:1705)
	at org.apache.ibatis.util.MapUtil.computeIfAbsent(MapUtil.java:36)
	at org.apache.ibatis.binding.MapperProxy.cachedInvoker(MapperProxy.java:95)
	at org.apache.ibatis.binding.MapperProxy.invoke(MapperProxy.java:86)
	at com.sun.proxy.$Proxy11.addEmp2(Unknown Source)
	at test.TestEmp.testAddOne2(TestEmp.java:118)
	at java.base/jdk.internal.reflect.NativeMethodAccessorImpl.invoke0(Native Method)
	at java.base/jdk.internal.reflect.NativeMethodAccessorImpl.invoke(NativeMethodAccessorImpl.java:62)
	at java.base/jdk.internal.reflect.DelegatingMethodAccessorImpl.invoke(DelegatingMethodAccessorImpl.java:43)
	at java.base/java.lang.reflect.Method.invoke(Method.java:566)
	at org.junit.runners.model.FrameworkMethod$1.runReflectiveCall(FrameworkMethod.java:50)
	at org.junit.internal.runners.model.ReflectiveCallable.run(ReflectiveCallable.java:12)
	at org.junit.runners.model.FrameworkMethod.invokeExplosively(FrameworkMethod.java:47)
	at org.junit.internal.runners.statements.InvokeMethod.evaluate(InvokeMethod.java:17)
	at org.junit.internal.runners.statements.RunBefores.evaluate(RunBefores.java:26)
	at org.junit.internal.runners.statements.RunAfters.evaluate(RunAfters.java:27)
	at org.junit.runners.ParentRunner.runLeaf(ParentRunner.java:325)
	at org.junit.runners.BlockJUnit4ClassRunner.runChild(BlockJUnit4ClassRunner.java:78)
	at org.junit.runners.BlockJUnit4ClassRunner.runChild(BlockJUnit4ClassRunner.java:57)
	at org.junit.runners.ParentRunner$3.run(ParentRunner.java:290)
	at org.junit.runners.ParentRunner$1.schedule(ParentRunner.java:71)
	at org.junit.runners.ParentRunner.runChildren(ParentRunner.java:288)
	at org.junit.runners.ParentRunner.access$000(ParentRunner.java:58)
	at org.junit.runners.ParentRunner$2.evaluate(ParentRunner.java:268)
	at org.junit.runners.ParentRunner.run(ParentRunner.java:363)
	at org.apache.maven.surefire.junit4.JUnit4Provider.execute(JUnit4Provider.java:252)
	at org.apache.maven.surefire.junit4.JUnit4Provider.executeTestSet(JUnit4Provider.java:141)
	at org.apache.maven.surefire.junit4.JUnit4Provider.invoke(JUnit4Provider.java:112)
	at java.base/jdk.internal.reflect.NativeMethodAccessorImpl.invoke0(Native Method)
	at java.base/jdk.internal.reflect.NativeMethodAccessorImpl.invoke(NativeMethodAccessorImpl.java:62)
	at java.base/jdk.internal.reflect.DelegatingMethodAccessorImpl.invoke(DelegatingMethodAccessorImpl.java:43)
	at java.base/java.lang.reflect.Method.invoke(Method.java:566)
	at org.apache.maven.surefire.util.ReflectionUtils.invokeMethodWithArray(ReflectionUtils.java:189)
	at org.apache.maven.surefire.booter.ProviderFactory$ProviderProxy.invoke(ProviderFactory.java:165)
	at org.apache.maven.surefire.booter.ProviderFactory.invokeProvider(ProviderFactory.java:85)
	at org.apache.maven.surefire.booter.ForkedBooter.runSuitesInProcess(ForkedBooter.java:115)
	at org.apache.maven.surefire.booter.ForkedBooter.main(ForkedBooter.java:75)
</error>
    <system-out>2022-06-07 14:50:23,419 404    [           main] DEBUG rg.apache.ibatis.io.DefaultVFS  - Find JAR URL: file:/Users/lyb/Desktop/JavaProject/ldsx/mybatis/target/classes/com/highcom/po
2022-06-07 14:50:23,419 404    [           main] DEBUG rg.apache.ibatis.io.DefaultVFS  - Not a JAR: file:/Users/lyb/Desktop/JavaProject/ldsx/mybatis/target/classes/com/highcom/po
2022-06-07 14:50:23,420 405    [           main] DEBUG rg.apache.ibatis.io.DefaultVFS  - Reader entry: Emp.class
2022-06-07 14:50:23,420 405    [           main] DEBUG rg.apache.ibatis.io.DefaultVFS  - Listing file:/Users/lyb/Desktop/JavaProject/ldsx/mybatis/target/classes/com/highcom/po
2022-06-07 14:50:23,420 405    [           main] DEBUG rg.apache.ibatis.io.DefaultVFS  - Find JAR URL: file:/Users/lyb/Desktop/JavaProject/ldsx/mybatis/target/classes/com/highcom/po/Emp.class
2022-06-07 14:50:23,420 405    [           main] DEBUG rg.apache.ibatis.io.DefaultVFS  - Not a JAR: file:/Users/lyb/Desktop/JavaProject/ldsx/mybatis/target/classes/com/highcom/po/Emp.class
2022-06-07 14:50:23,420 405    [           main] DEBUG rg.apache.ibatis.io.DefaultVFS  - Reader entry: ����&amp;#0;&amp;#0;&amp;#0;7&amp;#0;X
2022-06-07 14:50:23,420 405    [           main] DEBUG .apache.ibatis.io.ResolverUtil  - Checking to see if class com.highcom.po.Emp matches criteria [is assignable to Object]
2022-06-07 14:50:23,426 411    [           main] DEBUG source.pooled.PooledDataSource  - PooledDataSource forcefully closed/removed all connections.
2022-06-07 14:50:23,426 411    [           main] DEBUG source.pooled.PooledDataSource  - PooledDataSource forcefully closed/removed all connections.
2022-06-07 14:50:23,426 411    [           main] DEBUG source.pooled.PooledDataSource  - PooledDataSource forcefully closed/removed all connections.
2022-06-07 14:50:23,426 411    [           main] DEBUG source.pooled.PooledDataSource  - PooledDataSource forcefully closed/removed all connections.
2022-06-07 14:50:23,427 412    [           main] DEBUG rg.apache.ibatis.io.DefaultVFS  - Find JAR URL: file:/Users/lyb/Desktop/JavaProject/ldsx/mybatis/target/classes/com/highcom/mapper
2022-06-07 14:50:23,427 412    [           main] DEBUG rg.apache.ibatis.io.DefaultVFS  - Not a JAR: file:/Users/lyb/Desktop/JavaProject/ldsx/mybatis/target/classes/com/highcom/mapper
2022-06-07 14:50:23,427 412    [      Finalizer] DEBUG source.pooled.PooledDataSource  - PooledDataSource forcefully closed/removed all connections.
2022-06-07 14:50:23,428 413    [           main] DEBUG rg.apache.ibatis.io.DefaultVFS  - Reader entry: EmpMapper.class
2022-06-07 14:50:23,428 413    [           main] DEBUG rg.apache.ibatis.io.DefaultVFS  - Reader entry: EmpMapper.xml
2022-06-07 14:50:23,429 414    [           main] DEBUG rg.apache.ibatis.io.DefaultVFS  - Listing file:/Users/lyb/Desktop/JavaProject/ldsx/mybatis/target/classes/com/highcom/mapper
2022-06-07 14:50:23,429 414    [           main] DEBUG rg.apache.ibatis.io.DefaultVFS  - Find JAR URL: file:/Users/lyb/Desktop/JavaProject/ldsx/mybatis/target/classes/com/highcom/mapper/EmpMapper.class
2022-06-07 14:50:23,429 414    [           main] DEBUG rg.apache.ibatis.io.DefaultVFS  - Not a JAR: file:/Users/lyb/Desktop/JavaProject/ldsx/mybatis/target/classes/com/highcom/mapper/EmpMapper.class
2022-06-07 14:50:23,429 414    [      Finalizer] DEBUG source.pooled.PooledDataSource  - PooledDataSource forcefully closed/removed all connections.
2022-06-07 14:50:23,429 414    [           main] DEBUG rg.apache.ibatis.io.DefaultVFS  - Reader entry: ����&amp;#0;&amp;#0;&amp;#0;7&amp;#0;&amp;#26;&amp;#7;&amp;#0;&amp;#24;&amp;#7;&amp;#0;&amp;#25;&amp;#1;&amp;#0;&amp;#7;findAll&amp;#1;&amp;#0;&amp;#18;()Ljava/util/List;&amp;#1;&amp;#0;	Signature&amp;#1;&amp;#0;(()Ljava/util/List&lt;Lcom/highcom/po/Emp;&gt;;&amp;#1;&amp;#0;&amp;#14;findEmpByEmpno&amp;#1;&amp;#0;)(Ljava/lang/Integer;)Lcom/highcom/po/Emp;&amp;#1;&amp;#0;&amp;#7;listEmp&amp;#1;&amp;#0;&amp;(Lcom/highcom/po/Emp;)Ljava/util/List;&amp;#1;&amp;#0;&lt;(Lcom/highcom/po/Emp;)Ljava/util/List&lt;Lcom/highcom/po/Emp;&gt;;&amp;#1;&amp;#0;&amp;#12;listEmpBySal&amp;#1;&amp;#0;$(Ljava/lang/Double;)Ljava/util/List;&amp;#1;&amp;#0;:(Ljava/lang/Double;)Ljava/util/List&lt;Lcom/highcom/po/Emp;&gt;;&amp;#1;&amp;#0;&amp;#12;ListEmpCount&amp;#1;&amp;#0;&amp;#3;()I&amp;#1;&amp;#0;&amp;#16;deleteEmpByEmpno&amp;#1;&amp;#0;&amp;#22;(Ljava/lang/Integer;)I&amp;#1;&amp;#0;&amp;#7;addEmp1&amp;#1;&amp;#0;&amp;#23;(Lcom/highcom/po/Emp;)I&amp;#1;&amp;#0;&amp;#7;addEmp2&amp;#1;&amp;#0;
2022-06-07 14:50:23,430 415    [           main] DEBUG rg.apache.ibatis.io.DefaultVFS  - Find JAR URL: file:/Users/lyb/Desktop/JavaProject/ldsx/mybatis/target/classes/com/highcom/mapper/EmpMapper.xml
2022-06-07 14:50:23,430 415    [           main] DEBUG rg.apache.ibatis.io.DefaultVFS  - Not a JAR: file:/Users/lyb/Desktop/JavaProject/ldsx/mybatis/target/classes/com/highcom/mapper/EmpMapper.xml
2022-06-07 14:50:23,430 415    [           main] DEBUG rg.apache.ibatis.io.DefaultVFS  - Reader entry: &lt;?xml version=&quot;1.0&quot; encoding=&quot;UTF-8&quot;?&gt;
2022-06-07 14:50:23,430 415    [           main] DEBUG .apache.ibatis.io.ResolverUtil  - Checking to see if class com.highcom.mapper.EmpMapper matches criteria [is assignable to Object]
</system-out>
  </testcase>
  <testcase classname="test.TestEmp" name="testFindAll" time="0.024"/>
  <testcase classname="test.TestEmp" name="testFindOne" time="0.023"/>
  <testcase classname="test.TestEmp" name="testDeleteOne" time="0.023"/>
  <testcase classname="test.TestEmp" name="testFindCountOfEmp" time="0.027"/>
</testsuite>