<?xml version="1.0" encoding="UTF-8" ?>
<testsuite tests="15" failures="0" name="test.TestEmp" time="0.91" errors="0" skipped="0">
  <properties>
[...]
</properties>
  <testcase classname="test.TestEmp" name="testFindEmpByMul" time="0.469"/>
  <testcase classname="test.TestEmp" name="testFindEmpBySal" time="0.033"/>
  <testcase classname="test.TestEmp" name="testAddOne1" time="0.04"/>
  <testcase classname="test.TestEmp" name="testAddOne2" time="0.038"/>
  <testcase classname="test.TestEmp" name="testFindAll" time="0.028"/>
  <testcase classname="test.TestEmp" name="testFindOne" time="0.027"/>
  <testcase classname="test.TestEmp" name="updateOneEmp" time="0.029"/>
  <testcase classname="test.TestEmp" name="testDynamicByIfAndWhere" time="0.045"/>
  <testcase classname="test.TestEmp" name="testDeleteOne" time="0.043"/>
  <testcase classname="test.TestEmp" name="testDynamicByForEach" time="0.026"/>
  <testcase classname="test.TestEmp" name="testFindCountOfEmp" time="0.022"/>
  <testcase classname="test.TestEmp" name="testMulToOne" time="0.031"/>
  <testcase classname="test.TestEmp" name="testDynamicBySet" time="0.023"/>
  <testcase classname="test.TestEmp" name="testDynamicByChoose" time="0.031"/>
  <testcase classname="test.TestEmp" name="testDynamicByTrim" time="0.025"/>
</testsuite>